{
  "RSpec": {
    "coverage": {
      "/Users/benstein/Documents/Git/peergear/app/helpers/application_helper.rb": [
        1,
        1,
        5,
        5,
        0,
        null,
        5,
        null,
        null,
        null
      ],
      "/Users/benstein/Documents/Git/peergear/app/helpers/pages_helper.rb": [
        1,
        null
      ],
      "/Users/benstein/Documents/Git/peergear/app/controllers/pages_controller.rb": [
        1,
        1,
        null,
        null
      ],
      "/Users/benstein/Documents/Git/peergear/app/controllers/application_controller.rb": [
        1,
        null,
        null,
        1,
        null,
        1,
        null,
        1,
        null,
        1,
        10,
        4,
        null,
        null,
        10,
        1,
        null,
        null,
        null
      ],
      "/Users/benstein/Documents/Git/peergear/app/models/user.rb": [
        0,
        0,
        0,
        0,
        0,
        0
      ]
    },
    "timestamp": 1469854567
  }
}
