{
  "RSpec": {
    "coverage": {
      "/Users/benstein/Desktop/Git/peergear/app/models/user.rb": [
        1,
        null,
        null,
        1,
        null,
        null,
        null,
        1,
        null,
        1,
        1,
        null,
        1,
        0,
        null,
        0,
        0,
        null,
        0,
        0,
        0,
        0,
        0,
        0,
        0,
        null,
        null,
        null,
        null
      ],
      "/Users/benstein/Desktop/Git/peergear/app/helpers/application_helper.rb": [
        1,
        1,
        13,
        13,
        0,
        null,
        13,
        null,
        null,
        null
      ],
      "/Users/benstein/Desktop/Git/peergear/app/helpers/pages_helper.rb": [
        1,
        null
      ],
      "/Users/benstein/Desktop/Git/peergear/app/helpers/rooms_helper.rb": [
        1,
        null
      ],
      "/Users/benstein/Desktop/Git/peergear/app/controllers/pages_controller.rb": [
        1,
        1,
        23,
        null,
        null
      ],
      "/Users/benstein/Desktop/Git/peergear/app/controllers/application_controller.rb": [
        1,
        null,
        null,
        1,
        null,
        1,
        null,
        1,
        null,
        1,
        18,
        6,
        null,
        null,
        18,
        4,
        null,
        null,
        null
      ],
      "/Users/benstein/Desktop/Git/peergear/app/controllers/photos_controller.rb": [
        1,
        1,
        0,
        0,
        null,
        0,
        0,
        null,
        0,
        null,
        null
      ],
      "/Users/benstein/Desktop/Git/peergear/app/controllers/rooms_controller.rb": [
        1,
        1,
        1,
        null,
        1,
        2,
        null,
        null,
        1,
        1,
        1,
        null,
        null,
        1,
        1,
        null,
        null,
        1,
        1,
        null,
        1,
        null,
        0,
        0,
        0,
        null,
        null,
        null,
        0,
        0,
        null,
        1,
        null,
        null,
        null,
        1,
        0,
        0,
        null,
        0,
        null,
        null,
        null,
        1,
        0,
        null,
        0,
        0,
        0,
        null,
        null,
        null,
        0,
        null,
        0,
        null,
        null,
        null,
        1,
        1,
        1,
        null,
        null,
        1,
        1,
        null,
        null
      ],
      "/Users/benstein/Desktop/Git/peergear/app/controllers/users_controller.rb": [
        1,
        1,
        0,
        0,
        0,
        0,
        null,
        null,
        null
      ],
      "/Users/benstein/Desktop/Git/peergear/app/models/photo.rb": [
        1,
        1,
        null,
        1,
        1,
        null
      ],
      "/Users/benstein/Desktop/Git/peergear/app/models/application_record.rb": [
        1,
        1,
        null
      ],
      "/Users/benstein/Desktop/Git/peergear/app/models/reservation.rb": [
        1,
        1,
        1,
        null
      ],
      "/Users/benstein/Desktop/Git/peergear/app/models/room.rb": [
        1,
        1,
        1,
        1,
        1,
        1,
        null,
        1,
        1,
        null,
        1,
        1,
        1,
        1,
        1,
        1,
        1,
        1,
        1,
        null,
        1,
        0,
        0,
        null,
        0,
        null,
        null,
        null,
        1,
        0,
        null,
        null
      ],
      "/Users/benstein/Desktop/Git/peergear/app/controllers/registrations_controller.rb": [
        1,
        1,
        1,
        0,
        null,
        null
      ],
      "/Users/benstein/Desktop/Git/peergear/app/controllers/reservations_controller.rb": [
        1,
        1,
        null,
        1,
        0,
        0,
        0,
        null,
        0,
        null,
        null,
        1,
        0,
        0,
        null,
        0,
        null,
        null,
        null,
        0,
        null,
        null,
        1,
        0,
        null,
        null,
        null,
        null,
        null,
        null,
        null,
        null,
        null,
        null,
        null,
        null,
        null,
        null,
        null,
        null,
        null,
        null,
        null,
        null,
        1,
        1,
        0,
        0,
        null,
        0,
        null,
        0,
        0,
        null,
        0,
        null,
        null,
        0,
        null,
        null,
        1,
        1,
        0,
        null,
        null,
        1,
        1,
        null,
        null,
        1,
        null,
        1,
        0,
        null,
        0,
        0,
        null,
        null,
        1,
        0,
        null,
        null
      ]
    },
    "timestamp": 1518021778
  }
}
